<?xml version="1.0" encoding="UTF-8"?>
<coverage generated="1548152790561" clover="3.2.0">
  <project timestamp="1548152790561" name="All files">
    <metrics statements="2" coveredstatements="2" conditionals="0" coveredconditionals="0" methods="1" coveredmethods="1" elements="3" coveredelements="3" complexity="0" loc="2" ncloc="2" packages="1" files="1" classes="1">
      <file name="Sum.js" path="/Users/seafile/Desktop/code-myrepo/HelloWorld/2019/jest/Sum.js">
        <metrics statements="2" coveredstatements="2" conditionals="0" coveredconditionals="0" methods="1" coveredmethods="1"/>
        <line num="2" count="4" type="stmt"/>
        <line num="5" count="1" type="stmt"/>
      </file>
    </metrics>
  </project>
</coverage>
