{"/Users/seafile/Desktop/code-myrepo/HelloWorld/2019/jest/Sum.js": {"path":"/Users/seafile/Desktop/code-myrepo/HelloWorld/2019/jest/Sum.js","statementMap":{"0":{"start":{"line":2,"column":3},"end":{"line":2,"column":16}},"1":{"start":{"line":5,"column":0},"end":{"line":5,"column":21}}},"fnMap":{"0":{"name":"sum","decl":{"start":{"line":1,"column":9},"end":{"line":1,"column":12}},"loc":{"start":{"line":1,"column":18},"end":{"line":3,"column":1}},"line":1}},"branchMap":{},"s":{"0":4,"1":1},"f":{"0":4},"b":{},"_coverageSchema":"332fd63041d2c1bcb487cc26dd0d5f7d97098a6c","hash":"b66ba3ad4799ae66fd57de94bc011a360206ef57"}
}
